[7/05/2021 1:15:35 AM] [info] instantiating backup controller 028eb743dac10e48d7d36ac8241e611d
[7/05/2021 1:15:35 AM] [debug] setting controller status to 100
[7/05/2021 1:15:35 AM] [debug] loading controller plan
[7/05/2021 1:15:35 AM] [debug] setting controller status to 300
[7/05/2021 1:15:35 AM] [debug] applying plan defaults
[7/05/2021 1:15:35 AM] [debug] setting controller status to 400
[7/05/2021 1:15:35 AM] [debug] setting file inclusion to 1
[7/05/2021 1:15:35 AM] [info] checking plan security
[7/05/2021 1:15:35 AM] [debug] setting controller status to 700
[7/05/2021 1:15:35 AM] [debug] saving controller to db
[7/05/2021 1:15:35 AM] [debug] calculating controller checksum 4397adf3662e0d8436ec0c55020781f1
[7/05/2021 1:15:35 AM] [debug] loading controller from db
[7/05/2021 1:15:35 AM] [debug] setting controller status to 700
[7/05/2021 1:15:35 AM] [debug] saving controller to db
[7/05/2021 1:15:35 AM] [debug] calculating controller checksum 591e3476cc63ca208fd16714d36f43e6
[7/05/2021 1:15:35 AM] [debug] loading controller from db
[7/05/2021 1:15:35 AM] [debug] notifying plan about excluded activities by type
[7/05/2021 1:15:35 AM] [debug] setting controller status to 800
[7/05/2021 1:15:35 AM] [debug] setting controller status to 1000
[7/05/2021 1:15:35 AM] [debug] saving controller to db
