[4/05/2021 2:31:49 PM] [info] instantiating backup controller 1d0da659687041c7dab1e62efb7f2981
[4/05/2021 2:31:49 PM] [debug] setting controller status to 100
[4/05/2021 2:31:49 PM] [debug] loading controller plan
[4/05/2021 2:31:49 PM] [debug] setting controller status to 300
[4/05/2021 2:31:49 PM] [debug] applying plan defaults
[4/05/2021 2:31:49 PM] [debug] setting controller status to 400
[4/05/2021 2:31:49 PM] [debug] setting file inclusion to 1
[4/05/2021 2:31:49 PM] [info] checking plan security
[4/05/2021 2:31:49 PM] [debug] setting controller status to 700
[4/05/2021 2:31:49 PM] [debug] saving controller to db
[4/05/2021 2:31:49 PM] [debug] calculating controller checksum 7f4c74f02bcdfdd8d667c84c9ce4526b
[4/05/2021 2:31:49 PM] [debug] loading controller from db
[4/05/2021 2:31:49 PM] [debug] setting controller status to 700
[4/05/2021 2:31:49 PM] [debug] saving controller to db
[4/05/2021 2:31:49 PM] [debug] calculating controller checksum 87b8a8972dd2f8540f7396a9393bd236
[4/05/2021 2:31:49 PM] [debug] loading controller from db
[4/05/2021 2:31:49 PM] [debug] notifying plan about excluded activities by type
[4/05/2021 2:31:49 PM] [debug] setting controller status to 800
[4/05/2021 2:31:49 PM] [debug] setting controller status to 1000
[4/05/2021 2:31:49 PM] [debug] saving controller to db
