[4/05/2021 2:49:11 PM] [info] instantiating backup controller 31a5b88814160dd88a527ebfdd14ae24
[4/05/2021 2:49:11 PM] [debug] setting controller status to 100
[4/05/2021 2:49:11 PM] [debug] loading controller plan
[4/05/2021 2:49:11 PM] [debug] setting controller status to 300
[4/05/2021 2:49:11 PM] [debug] applying plan defaults
[4/05/2021 2:49:11 PM] [debug] setting controller status to 400
[4/05/2021 2:49:11 PM] [debug] setting file inclusion to 1
[4/05/2021 2:49:11 PM] [info] checking plan security
[4/05/2021 2:49:11 PM] [debug] setting controller status to 700
[4/05/2021 2:49:11 PM] [debug] saving controller to db
[4/05/2021 2:49:11 PM] [debug] calculating controller checksum 851c68df68146faab4d9201a51becf2d
[4/05/2021 2:49:11 PM] [debug] loading controller from db
[4/05/2021 2:49:11 PM] [debug] setting controller status to 700
[4/05/2021 2:49:11 PM] [debug] saving controller to db
[4/05/2021 2:49:11 PM] [debug] calculating controller checksum 615913a67faf931f23f0ba59f9efd721
[4/05/2021 2:49:11 PM] [debug] loading controller from db
[4/05/2021 2:49:11 PM] [debug] notifying plan about excluded activities by type
[4/05/2021 2:49:11 PM] [debug] setting controller status to 800
[4/05/2021 2:49:11 PM] [debug] setting controller status to 1000
[4/05/2021 2:49:11 PM] [debug] saving controller to db
