[4/05/2021 2:15:18 PM] [info] instantiating backup controller 333c2aae6c097ec683fb02878727f774
[4/05/2021 2:15:18 PM] [debug] setting controller status to 100
[4/05/2021 2:15:18 PM] [debug] loading controller plan
[4/05/2021 2:15:18 PM] [debug] setting controller status to 300
[4/05/2021 2:15:18 PM] [debug] applying plan defaults
[4/05/2021 2:15:18 PM] [debug] setting controller status to 400
[4/05/2021 2:15:18 PM] [debug] setting file inclusion to 1
[4/05/2021 2:15:18 PM] [info] checking plan security
[4/05/2021 2:15:18 PM] [debug] setting controller status to 700
[4/05/2021 2:15:18 PM] [debug] saving controller to db
[4/05/2021 2:15:18 PM] [debug] calculating controller checksum 4b56168d38403c5cc5b8ad24d10806b1
[4/05/2021 2:15:18 PM] [debug] loading controller from db
[4/05/2021 2:15:18 PM] [debug] setting controller status to 700
[4/05/2021 2:15:18 PM] [debug] saving controller to db
[4/05/2021 2:15:18 PM] [debug] calculating controller checksum 5a0d539fcbc5596256b13b7a094b49f4
[4/05/2021 2:15:18 PM] [debug] loading controller from db
[4/05/2021 2:15:18 PM] [debug] notifying plan about excluded activities by type
[4/05/2021 2:15:18 PM] [debug] setting controller status to 800
[4/05/2021 2:15:18 PM] [debug] setting controller status to 1000
[4/05/2021 2:15:18 PM] [debug] saving controller to db
