[4/05/2021 2:37:29 PM] [info] instantiating backup controller 39725307ba04508eb209b15433ae9433
[4/05/2021 2:37:29 PM] [debug] setting controller status to 100
[4/05/2021 2:37:29 PM] [debug] loading controller plan
[4/05/2021 2:37:29 PM] [debug] setting controller status to 300
[4/05/2021 2:37:29 PM] [debug] applying plan defaults
[4/05/2021 2:37:29 PM] [debug] setting controller status to 400
[4/05/2021 2:37:29 PM] [debug] setting file inclusion to 1
[4/05/2021 2:37:29 PM] [info] checking plan security
[4/05/2021 2:37:29 PM] [debug] setting controller status to 700
[4/05/2021 2:37:29 PM] [debug] saving controller to db
[4/05/2021 2:37:29 PM] [debug] calculating controller checksum 1eb28d264b7c9e0d00fb9e39689e2700
[4/05/2021 2:37:29 PM] [debug] loading controller from db
[4/05/2021 2:37:29 PM] [debug] setting controller status to 700
[4/05/2021 2:37:29 PM] [debug] saving controller to db
[4/05/2021 2:37:29 PM] [debug] calculating controller checksum 6f4eb62cc69fbf2e3a98eb61382e36ae
[4/05/2021 2:37:29 PM] [debug] loading controller from db
[4/05/2021 2:37:29 PM] [debug] notifying plan about excluded activities by type
[4/05/2021 2:37:29 PM] [debug] setting controller status to 800
[4/05/2021 2:37:30 PM] [debug] setting controller status to 1000
[4/05/2021 2:37:30 PM] [debug] saving controller to db
