[4/05/2021 2:48:32 PM] [info] instantiating backup controller 54f00352823729e0a387f17d7bf968c5
[4/05/2021 2:48:32 PM] [debug] setting controller status to 100
[4/05/2021 2:48:32 PM] [debug] loading controller plan
[4/05/2021 2:48:32 PM] [debug] setting controller status to 300
[4/05/2021 2:48:32 PM] [debug] applying plan defaults
[4/05/2021 2:48:32 PM] [debug] setting controller status to 400
[4/05/2021 2:48:32 PM] [debug] setting file inclusion to 1
[4/05/2021 2:48:32 PM] [info] checking plan security
[4/05/2021 2:48:32 PM] [debug] setting controller status to 700
[4/05/2021 2:48:32 PM] [debug] saving controller to db
[4/05/2021 2:48:32 PM] [debug] calculating controller checksum 75a65bda01db67b7a025490336433c13
[4/05/2021 2:48:32 PM] [debug] loading controller from db
[4/05/2021 2:48:32 PM] [debug] setting controller status to 700
[4/05/2021 2:48:32 PM] [debug] saving controller to db
[4/05/2021 2:48:32 PM] [debug] calculating controller checksum c2e554d50690931bfe6cc84cb36054ef
[4/05/2021 2:48:32 PM] [debug] loading controller from db
[4/05/2021 2:48:32 PM] [debug] notifying plan about excluded activities by type
[4/05/2021 2:48:32 PM] [debug] setting controller status to 800
[4/05/2021 2:48:32 PM] [debug] setting controller status to 1000
[4/05/2021 2:48:32 PM] [debug] saving controller to db
