[4/05/2021 2:15:09 PM] [info] instantiating backup controller 57d305ff91f3947793dd1fc277813606
[4/05/2021 2:15:09 PM] [debug] setting controller status to 100
[4/05/2021 2:15:09 PM] [debug] loading controller plan
[4/05/2021 2:15:09 PM] [debug] setting controller status to 300
[4/05/2021 2:15:09 PM] [debug] applying plan defaults
[4/05/2021 2:15:09 PM] [debug] setting controller status to 400
[4/05/2021 2:15:09 PM] [debug] setting file inclusion to 1
[4/05/2021 2:15:09 PM] [info] checking plan security
[4/05/2021 2:15:09 PM] [debug] setting controller status to 700
[4/05/2021 2:15:09 PM] [debug] saving controller to db
[4/05/2021 2:15:09 PM] [debug] calculating controller checksum 416e89f1562900069e7bc067b5307723
[4/05/2021 2:15:09 PM] [debug] loading controller from db
[4/05/2021 2:15:09 PM] [debug] setting controller status to 700
[4/05/2021 2:15:09 PM] [debug] saving controller to db
[4/05/2021 2:15:09 PM] [debug] calculating controller checksum 4cc925ce3495ffbe3c01f632dc721783
[4/05/2021 2:15:09 PM] [debug] loading controller from db
[4/05/2021 2:15:09 PM] [debug] notifying plan about excluded activities by type
[4/05/2021 2:15:09 PM] [debug] setting controller status to 800
[4/05/2021 2:15:10 PM] [debug] setting controller status to 1000
[4/05/2021 2:15:10 PM] [debug] saving controller to db
