[4/05/2021 2:37:43 PM] [info] instantiating backup controller 60854028823de526007d06d76775d84a
[4/05/2021 2:37:43 PM] [debug] setting controller status to 100
[4/05/2021 2:37:43 PM] [debug] loading controller plan
[4/05/2021 2:37:44 PM] [debug] setting controller status to 300
[4/05/2021 2:37:44 PM] [debug] applying plan defaults
[4/05/2021 2:37:44 PM] [debug] setting controller status to 400
[4/05/2021 2:37:44 PM] [debug] setting file inclusion to 1
[4/05/2021 2:37:44 PM] [info] checking plan security
[4/05/2021 2:37:44 PM] [debug] setting controller status to 700
[4/05/2021 2:37:44 PM] [debug] saving controller to db
[4/05/2021 2:37:44 PM] [debug] calculating controller checksum a50f61ffda7dbc213b6ea4a3c7b54b4e
[4/05/2021 2:37:44 PM] [debug] loading controller from db
[4/05/2021 2:37:44 PM] [debug] setting controller status to 700
[4/05/2021 2:37:44 PM] [debug] saving controller to db
[4/05/2021 2:37:44 PM] [debug] calculating controller checksum 5a7550f94dce6d121d42a1775c2750d3
[4/05/2021 2:37:44 PM] [debug] loading controller from db
[4/05/2021 2:37:44 PM] [debug] notifying plan about excluded activities by type
[4/05/2021 2:37:44 PM] [debug] setting controller status to 800
[4/05/2021 2:37:44 PM] [debug] setting controller status to 1000
[4/05/2021 2:37:44 PM] [debug] saving controller to db
