[4/05/2021 2:15:26 PM] [info] instantiating backup controller 608da860fa6e430d61442b787fbff6e3
[4/05/2021 2:15:26 PM] [debug] setting controller status to 100
[4/05/2021 2:15:26 PM] [debug] loading controller plan
[4/05/2021 2:15:26 PM] [debug] setting controller status to 300
[4/05/2021 2:15:26 PM] [debug] applying plan defaults
[4/05/2021 2:15:26 PM] [debug] setting controller status to 400
[4/05/2021 2:15:26 PM] [debug] setting file inclusion to 1
[4/05/2021 2:15:26 PM] [info] checking plan security
[4/05/2021 2:15:26 PM] [debug] setting controller status to 700
[4/05/2021 2:15:26 PM] [debug] saving controller to db
[4/05/2021 2:15:26 PM] [debug] calculating controller checksum 3395f2aea4786133706121ae61cee561
[4/05/2021 2:15:26 PM] [debug] loading controller from db
[4/05/2021 2:15:26 PM] [debug] setting controller status to 700
[4/05/2021 2:15:26 PM] [debug] saving controller to db
[4/05/2021 2:15:26 PM] [debug] calculating controller checksum 1ca14e8ac59cd807e02cfa6ad5ef6ffd
[4/05/2021 2:15:26 PM] [debug] loading controller from db
[4/05/2021 2:15:26 PM] [debug] notifying plan about excluded activities by type
[4/05/2021 2:15:26 PM] [debug] setting controller status to 800
[4/05/2021 2:15:26 PM] [debug] setting controller status to 1000
[4/05/2021 2:15:26 PM] [debug] saving controller to db
