[4/05/2021 2:45:20 PM] [info] instantiating backup controller 7de012e3b3ccec398afe3dafd4291a3b
[4/05/2021 2:45:20 PM] [debug] setting controller status to 100
[4/05/2021 2:45:20 PM] [debug] loading controller plan
[4/05/2021 2:45:20 PM] [debug] setting controller status to 300
[4/05/2021 2:45:20 PM] [debug] applying plan defaults
[4/05/2021 2:45:20 PM] [debug] setting controller status to 400
[4/05/2021 2:45:20 PM] [debug] setting file inclusion to 1
[4/05/2021 2:45:20 PM] [info] checking plan security
[4/05/2021 2:45:20 PM] [debug] setting controller status to 700
[4/05/2021 2:45:20 PM] [debug] saving controller to db
[4/05/2021 2:45:20 PM] [debug] calculating controller checksum de623822ed2233dcc5d1ac5234dc8fab
[4/05/2021 2:45:20 PM] [debug] loading controller from db
[4/05/2021 2:45:20 PM] [debug] setting controller status to 700
[4/05/2021 2:45:20 PM] [debug] saving controller to db
[4/05/2021 2:45:20 PM] [debug] calculating controller checksum 02d3a6e7a3bc5981c01f89999949759b
[4/05/2021 2:45:20 PM] [debug] loading controller from db
[4/05/2021 2:45:20 PM] [debug] notifying plan about excluded activities by type
[4/05/2021 2:45:20 PM] [debug] setting controller status to 800
[4/05/2021 2:45:20 PM] [debug] setting controller status to 1000
[4/05/2021 2:45:20 PM] [debug] saving controller to db
