[4/05/2021 2:13:51 PM] [info] instantiating backup controller 8291a0c41895f87e2db2624923e3478f
[4/05/2021 2:13:51 PM] [debug] setting controller status to 100
[4/05/2021 2:13:51 PM] [debug] loading controller plan
[4/05/2021 2:13:51 PM] [debug] setting controller status to 300
[4/05/2021 2:13:51 PM] [debug] applying plan defaults
[4/05/2021 2:13:51 PM] [debug] setting controller status to 400
[4/05/2021 2:13:51 PM] [debug] setting file inclusion to 1
[4/05/2021 2:13:51 PM] [info] checking plan security
[4/05/2021 2:13:51 PM] [debug] setting controller status to 700
[4/05/2021 2:13:51 PM] [debug] saving controller to db
[4/05/2021 2:13:51 PM] [debug] calculating controller checksum 8064ee0690e506c1c4ca737d55965b10
[4/05/2021 2:13:51 PM] [debug] loading controller from db
[4/05/2021 2:13:51 PM] [debug] setting controller status to 700
[4/05/2021 2:13:51 PM] [debug] saving controller to db
[4/05/2021 2:13:51 PM] [debug] calculating controller checksum 6fd9c441ae0673de2e68ab44242ef112
[4/05/2021 2:13:51 PM] [debug] loading controller from db
[4/05/2021 2:13:51 PM] [debug] notifying plan about excluded activities by type
[4/05/2021 2:13:51 PM] [debug] setting controller status to 800
[4/05/2021 2:13:51 PM] [debug] setting controller status to 1000
[4/05/2021 2:13:51 PM] [debug] saving controller to db
