[4/05/2021 2:49:21 PM] [info] instantiating backup controller 82e846b0d9ef5f3f2cd88a51ebcea887
[4/05/2021 2:49:21 PM] [debug] setting controller status to 100
[4/05/2021 2:49:21 PM] [debug] loading controller plan
[4/05/2021 2:49:21 PM] [debug] setting controller status to 300
[4/05/2021 2:49:21 PM] [debug] applying plan defaults
[4/05/2021 2:49:21 PM] [debug] setting controller status to 400
[4/05/2021 2:49:21 PM] [debug] setting file inclusion to 1
[4/05/2021 2:49:21 PM] [info] checking plan security
[4/05/2021 2:49:21 PM] [debug] setting controller status to 700
[4/05/2021 2:49:21 PM] [debug] saving controller to db
[4/05/2021 2:49:21 PM] [debug] calculating controller checksum 8d8f582fa5549ea4d450ab590b8dba77
[4/05/2021 2:49:21 PM] [debug] loading controller from db
[4/05/2021 2:49:21 PM] [debug] setting controller status to 700
[4/05/2021 2:49:21 PM] [debug] saving controller to db
[4/05/2021 2:49:21 PM] [debug] calculating controller checksum 9eb06ece2628449d1c8677d0813e7cb0
[4/05/2021 2:49:21 PM] [debug] loading controller from db
[4/05/2021 2:49:21 PM] [debug] notifying plan about excluded activities by type
[4/05/2021 2:49:21 PM] [debug] setting controller status to 800
[4/05/2021 2:49:22 PM] [debug] setting controller status to 1000
[4/05/2021 2:49:22 PM] [debug] saving controller to db
