[4/05/2021 2:38:45 PM] [info] instantiating backup controller 8817db61bcc3002bd117205afa5df41b
[4/05/2021 2:38:45 PM] [debug] setting controller status to 100
[4/05/2021 2:38:45 PM] [debug] loading controller plan
[4/05/2021 2:38:45 PM] [debug] setting controller status to 300
[4/05/2021 2:38:45 PM] [debug] applying plan defaults
[4/05/2021 2:38:45 PM] [debug] setting controller status to 400
[4/05/2021 2:38:45 PM] [debug] setting file inclusion to 1
[4/05/2021 2:38:45 PM] [info] checking plan security
[4/05/2021 2:38:45 PM] [debug] setting controller status to 700
[4/05/2021 2:38:45 PM] [debug] saving controller to db
[4/05/2021 2:38:45 PM] [debug] calculating controller checksum 13106e509e9b2f87092472c684131389
[4/05/2021 2:38:45 PM] [debug] loading controller from db
[4/05/2021 2:38:45 PM] [debug] setting controller status to 700
[4/05/2021 2:38:45 PM] [debug] saving controller to db
[4/05/2021 2:38:45 PM] [debug] calculating controller checksum 3084d6a24e31a9b32a377fbf52052e2c
[4/05/2021 2:38:45 PM] [debug] loading controller from db
[4/05/2021 2:38:45 PM] [debug] notifying plan about excluded activities by type
[4/05/2021 2:38:45 PM] [debug] setting controller status to 800
[4/05/2021 2:38:45 PM] [debug] setting controller status to 1000
[4/05/2021 2:38:45 PM] [debug] saving controller to db
