[4/05/2021 2:32:12 PM] [info] instantiating backup controller 92044e49734e7b80625cffbe83686f23
[4/05/2021 2:32:12 PM] [debug] setting controller status to 100
[4/05/2021 2:32:12 PM] [debug] loading controller plan
[4/05/2021 2:32:12 PM] [debug] setting controller status to 300
[4/05/2021 2:32:12 PM] [debug] applying plan defaults
[4/05/2021 2:32:12 PM] [debug] setting controller status to 400
[4/05/2021 2:32:12 PM] [debug] setting file inclusion to 1
[4/05/2021 2:32:12 PM] [info] checking plan security
[4/05/2021 2:32:12 PM] [debug] setting controller status to 700
[4/05/2021 2:32:12 PM] [debug] saving controller to db
[4/05/2021 2:32:12 PM] [debug] calculating controller checksum d5d2156d26b66b2cce320d153cc7c25c
[4/05/2021 2:32:12 PM] [debug] loading controller from db
[4/05/2021 2:32:12 PM] [debug] setting controller status to 700
[4/05/2021 2:32:12 PM] [debug] saving controller to db
[4/05/2021 2:32:12 PM] [debug] calculating controller checksum 849e409031077e5d064c769e3eb51a1b
[4/05/2021 2:32:12 PM] [debug] loading controller from db
[4/05/2021 2:32:12 PM] [debug] notifying plan about excluded activities by type
[4/05/2021 2:32:12 PM] [debug] setting controller status to 800
[4/05/2021 2:32:12 PM] [debug] setting controller status to 1000
[4/05/2021 2:32:12 PM] [debug] saving controller to db
