[4/05/2021 2:31:01 PM] [info] instantiating backup controller a048233905d7e94c5f5b0d58082c0974
[4/05/2021 2:31:01 PM] [debug] setting controller status to 100
[4/05/2021 2:31:01 PM] [debug] loading controller plan
[4/05/2021 2:31:01 PM] [debug] setting controller status to 300
[4/05/2021 2:31:01 PM] [debug] applying plan defaults
[4/05/2021 2:31:01 PM] [debug] setting controller status to 400
[4/05/2021 2:31:01 PM] [debug] setting file inclusion to 1
[4/05/2021 2:31:01 PM] [info] checking plan security
[4/05/2021 2:31:01 PM] [debug] setting controller status to 700
[4/05/2021 2:31:01 PM] [debug] saving controller to db
[4/05/2021 2:31:01 PM] [debug] calculating controller checksum b6b5a6ca6ad29fc29fffd51f3f9504a3
[4/05/2021 2:31:01 PM] [debug] loading controller from db
[4/05/2021 2:31:01 PM] [debug] setting controller status to 700
[4/05/2021 2:31:01 PM] [debug] saving controller to db
[4/05/2021 2:31:01 PM] [debug] calculating controller checksum bce8b1acf62ac11ec9856b762541fd57
[4/05/2021 2:31:01 PM] [debug] loading controller from db
[4/05/2021 2:31:01 PM] [debug] notifying plan about excluded activities by type
[4/05/2021 2:31:01 PM] [debug] setting controller status to 800
[4/05/2021 2:31:02 PM] [debug] setting controller status to 1000
[4/05/2021 2:31:02 PM] [debug] saving controller to db
