[6/05/2021 10:14:04 PM] [info] instantiating backup controller a5cbe4f0de4e560fbd3ee7a813f8baec
[6/05/2021 10:14:04 PM] [debug] setting controller status to 100
[6/05/2021 10:14:04 PM] [debug] loading controller plan
[6/05/2021 10:14:04 PM] [debug] setting controller status to 300
[6/05/2021 10:14:04 PM] [debug] applying plan defaults
[6/05/2021 10:14:04 PM] [debug] setting controller status to 400
[6/05/2021 10:14:04 PM] [debug] setting file inclusion to 1
[6/05/2021 10:14:04 PM] [info] checking plan security
[6/05/2021 10:14:04 PM] [debug] setting controller status to 700
[6/05/2021 10:14:04 PM] [debug] saving controller to db
[6/05/2021 10:14:04 PM] [debug] calculating controller checksum de67fdcd154ddb7ea16760a6db3dfbbb
[6/05/2021 10:14:04 PM] [debug] loading controller from db
[6/05/2021 10:14:04 PM] [debug] setting controller status to 700
[6/05/2021 10:14:04 PM] [debug] saving controller to db
[6/05/2021 10:14:04 PM] [debug] calculating controller checksum 7f2fe7741adce07beac9778a6e892356
[6/05/2021 10:14:04 PM] [debug] loading controller from db
[6/05/2021 10:14:04 PM] [debug] notifying plan about excluded activities by type
[6/05/2021 10:14:04 PM] [debug] setting controller status to 800
[6/05/2021 10:14:04 PM] [debug] setting controller status to 1000
[6/05/2021 10:14:04 PM] [debug] saving controller to db
