[6/05/2021 10:14:14 PM] [info] instantiating backup controller b21588dab0edd3406c8c872b24273fc3
[6/05/2021 10:14:14 PM] [debug] setting controller status to 100
[6/05/2021 10:14:14 PM] [debug] loading controller plan
[6/05/2021 10:14:14 PM] [debug] setting controller status to 300
[6/05/2021 10:14:14 PM] [debug] applying plan defaults
[6/05/2021 10:14:14 PM] [debug] setting controller status to 400
[6/05/2021 10:14:14 PM] [debug] setting file inclusion to 1
[6/05/2021 10:14:14 PM] [info] checking plan security
[6/05/2021 10:14:14 PM] [debug] setting controller status to 700
[6/05/2021 10:14:14 PM] [debug] saving controller to db
[6/05/2021 10:14:14 PM] [debug] calculating controller checksum 49a11400af99b429aacd3c9522f3e161
[6/05/2021 10:14:14 PM] [debug] loading controller from db
[6/05/2021 10:14:14 PM] [debug] setting controller status to 700
[6/05/2021 10:14:14 PM] [debug] saving controller to db
[6/05/2021 10:14:14 PM] [debug] calculating controller checksum 8af3615c5658d92992690dc83cc88082
[6/05/2021 10:14:14 PM] [debug] loading controller from db
[6/05/2021 10:14:14 PM] [debug] notifying plan about excluded activities by type
[6/05/2021 10:14:14 PM] [debug] setting controller status to 800
[6/05/2021 10:14:15 PM] [debug] setting controller status to 1000
[6/05/2021 10:14:15 PM] [debug] saving controller to db
