[4/05/2021 2:37:53 PM] [info] instantiating backup controller be16d7745410fdb8d2132f530e6ceea1
[4/05/2021 2:37:53 PM] [debug] setting controller status to 100
[4/05/2021 2:37:53 PM] [debug] loading controller plan
[4/05/2021 2:37:53 PM] [debug] setting controller status to 300
[4/05/2021 2:37:53 PM] [debug] applying plan defaults
[4/05/2021 2:37:53 PM] [debug] setting controller status to 400
[4/05/2021 2:37:53 PM] [debug] setting file inclusion to 1
[4/05/2021 2:37:53 PM] [info] checking plan security
[4/05/2021 2:37:53 PM] [debug] setting controller status to 700
[4/05/2021 2:37:53 PM] [debug] saving controller to db
[4/05/2021 2:37:53 PM] [debug] calculating controller checksum 3e05974c7868a761b83c58aefdc2207e
[4/05/2021 2:37:53 PM] [debug] loading controller from db
[4/05/2021 2:37:53 PM] [debug] setting controller status to 700
[4/05/2021 2:37:53 PM] [debug] saving controller to db
[4/05/2021 2:37:53 PM] [debug] calculating controller checksum 3373eec57129540ac08ad1781699a181
[4/05/2021 2:37:53 PM] [debug] loading controller from db
[4/05/2021 2:37:53 PM] [debug] notifying plan about excluded activities by type
[4/05/2021 2:37:53 PM] [debug] setting controller status to 800
[4/05/2021 2:37:53 PM] [debug] setting controller status to 1000
[4/05/2021 2:37:53 PM] [debug] saving controller to db
