[4/05/2021 2:31:58 PM] [info] instantiating backup controller c18b9dc09d89b3d50d4bcc83aa2f3348
[4/05/2021 2:31:58 PM] [debug] setting controller status to 100
[4/05/2021 2:31:58 PM] [debug] loading controller plan
[4/05/2021 2:31:58 PM] [debug] setting controller status to 300
[4/05/2021 2:31:58 PM] [debug] applying plan defaults
[4/05/2021 2:31:58 PM] [debug] setting controller status to 400
[4/05/2021 2:31:58 PM] [debug] setting file inclusion to 1
[4/05/2021 2:31:58 PM] [info] checking plan security
[4/05/2021 2:31:58 PM] [debug] setting controller status to 700
[4/05/2021 2:31:59 PM] [debug] saving controller to db
[4/05/2021 2:31:59 PM] [debug] calculating controller checksum 3315485312608a6f0c4df71bab350efa
[4/05/2021 2:31:59 PM] [debug] loading controller from db
[4/05/2021 2:31:59 PM] [debug] setting controller status to 700
[4/05/2021 2:31:59 PM] [debug] saving controller to db
[4/05/2021 2:31:59 PM] [debug] calculating controller checksum 2b45cc24463f8b804f208d7a82e4d01f
[4/05/2021 2:31:59 PM] [debug] loading controller from db
[4/05/2021 2:31:59 PM] [debug] notifying plan about excluded activities by type
[4/05/2021 2:31:59 PM] [debug] setting controller status to 800
[4/05/2021 2:31:59 PM] [debug] setting controller status to 1000
[4/05/2021 2:31:59 PM] [debug] saving controller to db
