[4/05/2021 2:31:13 PM] [info] instantiating backup controller c574e38af0135f76290ea848124cf1bb
[4/05/2021 2:31:13 PM] [debug] setting controller status to 100
[4/05/2021 2:31:13 PM] [debug] loading controller plan
[4/05/2021 2:31:13 PM] [debug] setting controller status to 300
[4/05/2021 2:31:13 PM] [debug] applying plan defaults
[4/05/2021 2:31:13 PM] [debug] setting controller status to 400
[4/05/2021 2:31:13 PM] [debug] setting file inclusion to 1
[4/05/2021 2:31:13 PM] [info] checking plan security
[4/05/2021 2:31:13 PM] [debug] setting controller status to 700
[4/05/2021 2:31:13 PM] [debug] saving controller to db
[4/05/2021 2:31:13 PM] [debug] calculating controller checksum bae755b692803589b32bc9dc955c978b
[4/05/2021 2:31:13 PM] [debug] loading controller from db
[4/05/2021 2:31:13 PM] [debug] setting controller status to 700
[4/05/2021 2:31:13 PM] [debug] saving controller to db
[4/05/2021 2:31:13 PM] [debug] calculating controller checksum e778cbdc6b6cfe6c0de286f97587d1ea
[4/05/2021 2:31:13 PM] [debug] loading controller from db
[4/05/2021 2:31:13 PM] [debug] notifying plan about excluded activities by type
[4/05/2021 2:31:13 PM] [debug] setting controller status to 800
[4/05/2021 2:31:13 PM] [debug] setting controller status to 1000
[4/05/2021 2:31:13 PM] [debug] saving controller to db
