[4/05/2021 2:37:22 PM] [info] instantiating backup controller c908f0b0a8128af0417e777a36a5e81c
[4/05/2021 2:37:22 PM] [debug] setting controller status to 100
[4/05/2021 2:37:22 PM] [debug] loading controller plan
[4/05/2021 2:37:22 PM] [debug] setting controller status to 300
[4/05/2021 2:37:22 PM] [debug] applying plan defaults
[4/05/2021 2:37:22 PM] [debug] setting controller status to 400
[4/05/2021 2:37:22 PM] [debug] setting file inclusion to 1
[4/05/2021 2:37:22 PM] [info] checking plan security
[4/05/2021 2:37:22 PM] [debug] setting controller status to 700
[4/05/2021 2:37:22 PM] [debug] saving controller to db
[4/05/2021 2:37:22 PM] [debug] calculating controller checksum 6146db59677bb9cccee43230a88a0b1e
[4/05/2021 2:37:22 PM] [debug] loading controller from db
[4/05/2021 2:37:22 PM] [debug] setting controller status to 700
[4/05/2021 2:37:22 PM] [debug] saving controller to db
[4/05/2021 2:37:22 PM] [debug] calculating controller checksum 1244b26fb689017d55905fddf88cd4cc
[4/05/2021 2:37:22 PM] [debug] loading controller from db
[4/05/2021 2:37:22 PM] [debug] notifying plan about excluded activities by type
[4/05/2021 2:37:22 PM] [debug] setting controller status to 800
[4/05/2021 2:37:22 PM] [debug] setting controller status to 1000
[4/05/2021 2:37:22 PM] [debug] saving controller to db
