[4/05/2021 2:39:13 PM] [info] instantiating backup controller e12d60dd86a405951d7dce8d57a23505
[4/05/2021 2:39:13 PM] [debug] setting controller status to 100
[4/05/2021 2:39:13 PM] [debug] loading controller plan
[4/05/2021 2:39:13 PM] [debug] setting controller status to 300
[4/05/2021 2:39:13 PM] [debug] applying plan defaults
[4/05/2021 2:39:13 PM] [debug] setting controller status to 400
[4/05/2021 2:39:13 PM] [debug] setting file inclusion to 1
[4/05/2021 2:39:13 PM] [info] checking plan security
[4/05/2021 2:39:13 PM] [debug] setting controller status to 700
[4/05/2021 2:39:13 PM] [debug] saving controller to db
[4/05/2021 2:39:13 PM] [debug] calculating controller checksum d731323383d866454453af0c1d294140
[4/05/2021 2:39:13 PM] [debug] loading controller from db
[4/05/2021 2:39:13 PM] [debug] setting controller status to 700
[4/05/2021 2:39:13 PM] [debug] saving controller to db
[4/05/2021 2:39:13 PM] [debug] calculating controller checksum 8ea1d9ebb0731c12a8329a3338d8dd23
[4/05/2021 2:39:13 PM] [debug] loading controller from db
[4/05/2021 2:39:13 PM] [debug] notifying plan about excluded activities by type
[4/05/2021 2:39:13 PM] [debug] setting controller status to 800
[4/05/2021 2:39:13 PM] [debug] setting controller status to 1000
[4/05/2021 2:39:13 PM] [debug] saving controller to db
