[4/05/2021 2:38:01 PM] [info] instantiating backup controller e4008002b90aec224e21ef7177e15489
[4/05/2021 2:38:01 PM] [debug] setting controller status to 100
[4/05/2021 2:38:01 PM] [debug] loading controller plan
[4/05/2021 2:38:01 PM] [debug] setting controller status to 300
[4/05/2021 2:38:01 PM] [debug] applying plan defaults
[4/05/2021 2:38:01 PM] [debug] setting controller status to 400
[4/05/2021 2:38:01 PM] [debug] setting file inclusion to 1
[4/05/2021 2:38:01 PM] [info] checking plan security
[4/05/2021 2:38:01 PM] [debug] setting controller status to 700
[4/05/2021 2:38:01 PM] [debug] saving controller to db
[4/05/2021 2:38:01 PM] [debug] calculating controller checksum 022684c68bc4de09a272057585791d3e
[4/05/2021 2:38:01 PM] [debug] loading controller from db
[4/05/2021 2:38:01 PM] [debug] setting controller status to 700
[4/05/2021 2:38:01 PM] [debug] saving controller to db
[4/05/2021 2:38:01 PM] [debug] calculating controller checksum 9c89647ae9dbaa41158189b28067f445
[4/05/2021 2:38:01 PM] [debug] loading controller from db
[4/05/2021 2:38:01 PM] [debug] notifying plan about excluded activities by type
[4/05/2021 2:38:01 PM] [debug] setting controller status to 800
[4/05/2021 2:38:01 PM] [debug] setting controller status to 1000
[4/05/2021 2:38:01 PM] [debug] saving controller to db
