[4/05/2021 2:38:27 PM] [info] instantiating backup controller eb2fd56a3a3c2ebc7e34b1a763c0ff5e
[4/05/2021 2:38:27 PM] [debug] setting controller status to 100
[4/05/2021 2:38:27 PM] [debug] loading controller plan
[4/05/2021 2:38:27 PM] [debug] setting controller status to 300
[4/05/2021 2:38:27 PM] [debug] applying plan defaults
[4/05/2021 2:38:27 PM] [debug] setting controller status to 400
[4/05/2021 2:38:27 PM] [debug] setting file inclusion to 1
[4/05/2021 2:38:27 PM] [info] checking plan security
[4/05/2021 2:38:27 PM] [debug] setting controller status to 700
[4/05/2021 2:38:27 PM] [debug] saving controller to db
[4/05/2021 2:38:27 PM] [debug] calculating controller checksum 4aa60d280d367a36cbff843983d6fc7c
[4/05/2021 2:38:27 PM] [debug] loading controller from db
[4/05/2021 2:38:27 PM] [debug] setting controller status to 700
[4/05/2021 2:38:27 PM] [debug] saving controller to db
[4/05/2021 2:38:27 PM] [debug] calculating controller checksum 9afd2682029e5e8a465927595eb854ef
[4/05/2021 2:38:27 PM] [debug] loading controller from db
[4/05/2021 2:38:27 PM] [debug] notifying plan about excluded activities by type
[4/05/2021 2:38:27 PM] [debug] setting controller status to 800
[4/05/2021 2:38:28 PM] [debug] setting controller status to 1000
[4/05/2021 2:38:28 PM] [debug] saving controller to db
