[4/05/2021 2:48:18 PM] [info] instantiating backup controller f5000eefc913a4eb5bab728e286f0390
[4/05/2021 2:48:18 PM] [debug] setting controller status to 100
[4/05/2021 2:48:18 PM] [debug] loading controller plan
[4/05/2021 2:48:18 PM] [debug] setting controller status to 300
[4/05/2021 2:48:18 PM] [debug] applying plan defaults
[4/05/2021 2:48:18 PM] [debug] setting controller status to 400
[4/05/2021 2:48:18 PM] [debug] setting file inclusion to 1
[4/05/2021 2:48:18 PM] [info] checking plan security
[4/05/2021 2:48:18 PM] [debug] setting controller status to 700
[4/05/2021 2:48:18 PM] [debug] saving controller to db
[4/05/2021 2:48:18 PM] [debug] calculating controller checksum 4cca047c6032933c7c047f71dbf9a2b8
[4/05/2021 2:48:18 PM] [debug] loading controller from db
[4/05/2021 2:48:18 PM] [debug] setting controller status to 700
[4/05/2021 2:48:18 PM] [debug] saving controller to db
[4/05/2021 2:48:18 PM] [debug] calculating controller checksum 516f9dc2b415d7e64daf47b2f7bdfab2
[4/05/2021 2:48:18 PM] [debug] loading controller from db
[4/05/2021 2:48:18 PM] [debug] notifying plan about excluded activities by type
[4/05/2021 2:48:18 PM] [debug] setting controller status to 800
[4/05/2021 2:48:18 PM] [debug] setting controller status to 1000
[4/05/2021 2:48:18 PM] [debug] saving controller to db
