[4/05/2021 2:48:40 PM] [info] instantiating backup controller fc0dbfad3294eafa69c6d7fdd2907963
[4/05/2021 2:48:40 PM] [debug] setting controller status to 100
[4/05/2021 2:48:40 PM] [debug] loading controller plan
[4/05/2021 2:48:40 PM] [debug] setting controller status to 300
[4/05/2021 2:48:40 PM] [debug] applying plan defaults
[4/05/2021 2:48:40 PM] [debug] setting controller status to 400
[4/05/2021 2:48:40 PM] [debug] setting file inclusion to 1
[4/05/2021 2:48:40 PM] [info] checking plan security
[4/05/2021 2:48:40 PM] [debug] setting controller status to 700
[4/05/2021 2:48:40 PM] [debug] saving controller to db
[4/05/2021 2:48:40 PM] [debug] calculating controller checksum d38cc549b8bbd49371f048e235133199
[4/05/2021 2:48:40 PM] [debug] loading controller from db
[4/05/2021 2:48:40 PM] [debug] setting controller status to 700
[4/05/2021 2:48:40 PM] [debug] saving controller to db
[4/05/2021 2:48:40 PM] [debug] calculating controller checksum 0111458da065f9879e5c632c8c6ba635
[4/05/2021 2:48:40 PM] [debug] loading controller from db
[4/05/2021 2:48:40 PM] [debug] notifying plan about excluded activities by type
[4/05/2021 2:48:40 PM] [debug] setting controller status to 800
[4/05/2021 2:48:40 PM] [debug] setting controller status to 1000
[4/05/2021 2:48:40 PM] [debug] saving controller to db
